Using pre-set license
Built from '2020.3/staging' branch; Version is '2020.3.4f1 (0abb6314276a) revision 703331'; Using compiler version '192528614'; Build Type 'Release'
OS: 'Windows 10 Home; OS build 19042.1348; Version 2009; 64bit' Language: 'ru' Physical Memory: 16318 MB
BatchMode: 1, IsHumanControllingUs: 0, StartBugReporterOnCrash: 0, Is64bit: 1, IsPro: 0

 COMMAND LINE ARGUMENTS:
C:\soft\2020.3.4f1\Editor\Unity.exe
-adb2
-batchMode
-noUpm
-name
AssetImportWorker0
-projectPath
E:/unity pprojects/Legends-of-Conquest/Legends-of-Conquest/Legends-of-Conquest
-logFile
Logs/AssetImportWorker0.log
-srvPort
62232
Successfully changed project path to: E:/unity pprojects/Legends-of-Conquest/Legends-of-Conquest/Legends-of-Conquest
E:/unity pprojects/Legends-of-Conquest/Legends-of-Conquest/Legends-of-Conquest
Using Asset Import Pipeline V2.
Refreshing native plugins compatible for Editor in 33.51 ms, found 1 plugins.
Preloading 0 native plugins for Editor in 0.00 ms.
Initialize engine version: 2020.3.4f1 (0abb6314276a)
[Subsystems] Discovering subsystems at path C:/soft/2020.3.4f1/Editor/Data/Resources/UnitySubsystems
[Subsystems] Discovering subsystems at path E:/unity pprojects/Legends-of-Conquest/Legends-of-Conquest/Legends-of-Conquest/Assets
GfxDevice: creating device client; threaded=0
Direct3D:
    Version:  Direct3D 11.0 [level 11.1]
    Renderer: NVIDIA GeForce GTX 1660 Ti (ID=0x2182)
    Vendor:   
    VRAM:     5991 MB
    Driver:   30.0.14.7212
Initialize mono
Mono path[0] = 'C:/soft/2020.3.4f1/Editor/Data/Managed'
Mono path[1] = 'C:/soft/2020.3.4f1/Editor/Data/MonoBleedingEdge/lib/mono/unityjit'
Mono config path = 'C:/soft/2020.3.4f1/Editor/Data/MonoBleedingEdge/etc'
Using monoOptions --debugger-agent=transport=dt_socket,embedding=1,server=y,suspend=n,address=127.0.0.1:56872
Begin MonoManager ReloadAssembly
Registering precompiled unity dll's ...
Register platform support module: C:/soft/2020.3.4f1/Editor/Data/PlaybackEngines/WindowsStandaloneSupport/UnityEditor.WindowsStandalone.Extensions.dll
Registered in 0.001609 seconds.
Native extension for WindowsStandalone target not found
Refreshing native plugins compatible for Editor in 32.01 ms, found 1 plugins.
Preloading 0 native plugins for Editor in 0.00 ms.
Mono: successfully reloaded assembly
- Completed reload, in  1.425 seconds
Platform modules already initialized, skipping
Registering precompiled user dll's ...
Registered in 0.000476 seconds.
Begin MonoManager ReloadAssembly
Native extension for WindowsStandalone target not found
Refreshing native plugins compatible for Editor in 30.86 ms, found 1 plugins.
Preloading 0 native plugins for Editor in 0.00 ms.
Mono: successfully reloaded assembly
- Completed reload, in  0.731 seconds
Platform modules already initialized, skipping
========================================================================
Worker process is ready to serve import requests
Launched and connected shader compiler UnityShaderCompiler.exe after 0.03 seconds
Refreshing native plugins compatible for Editor in 0.37 ms, found 1 plugins.
Preloading 0 native plugins for Editor in 0.00 ms.
Unloading 1808 Unused Serialized files (Serialized files now loaded: 0)
System memory in use before: 85.4 MB.
System memory in use after: 85.4 MB.

Unloading 24 unused Assets to reduce memory usage. Loaded Objects now: 2250.
Total: 1.997200 ms (FindLiveObjects: 0.224500 ms CreateObjectMapping: 0.048700 ms MarkObjects: 1.613500 ms  DeleteObjects: 0.109500 ms)

========================================================================
Received Import Request.
  path: Assets/background images/Menu background.png
  artifactKey: Guid(b776e40db12850942b45590a9464b843) Importer(815301076,1909f56bfc062723c751e8b465ee728b)
Start importing Assets/background images/Menu background.png using Guid(b776e40db12850942b45590a9464b843) Importer(815301076,1909f56bfc062723c751e8b465ee728b)  -> (artifact id: '123137b9bb6acfb5dc87c6e86b2638b1') in 0.103201 seconds
  Import took 0.105918 seconds .

========================================================================
Received Import Request.
  Time since last request: 0.000208 seconds.
  path: Assets/background images/Lava 2.jpg
  artifactKey: Guid(196135533350c114aa43697515171189) Importer(815301076,1909f56bfc062723c751e8b465ee728b)
Start importing Assets/background images/Lava 2.jpg using Guid(196135533350c114aa43697515171189) Importer(815301076,1909f56bfc062723c751e8b465ee728b)  -> (artifact id: '8638076d489a29ca5dc2bbc2815e2f14') in 0.012788 seconds
  Import took 0.015512 seconds .

========================================================================
Received Import Request.
  Time since last request: 0.000207 seconds.
  path: Assets/background images/peace.jpg
  artifactKey: Guid(f9d07e644b356494b8c09a2dc90b4f77) Importer(815301076,1909f56bfc062723c751e8b465ee728b)
Start importing Assets/background images/peace.jpg using Guid(f9d07e644b356494b8c09a2dc90b4f77) Importer(815301076,1909f56bfc062723c751e8b465ee728b)  -> (artifact id: '721e0e4aa52be0857f86e3689ba69f6c') in 0.010957 seconds
  Import took 0.013544 seconds .

========================================================================
Received Import Request.
  Time since last request: 0.000171 seconds.
  path: Assets/background images
  artifactKey: Guid(c650094763cf6524fbc6d662ff94d323) Importer(815301076,1909f56bfc062723c751e8b465ee728b)
Start importing Assets/background images using Guid(c650094763cf6524fbc6d662ff94d323) Importer(815301076,1909f56bfc062723c751e8b465ee728b)  -> (artifact id: 'a89464664db6ec6d16635679f118c5a5') in 0.005014 seconds
  Import took 0.007341 seconds .

========================================================================
Received Import Request.
  Time since last request: 0.000144 seconds.
  path: Assets/background images/cold.jpg
  artifactKey: Guid(09c490513b4be714f8dda6efc3036cfc) Importer(815301076,1909f56bfc062723c751e8b465ee728b)
Start importing Assets/background images/cold.jpg using Guid(09c490513b4be714f8dda6efc3036cfc) Importer(815301076,1909f56bfc062723c751e8b465ee728b)  -> (artifact id: 'ebbcab3a98d492c008b09b01f3c99d10') in 0.012805 seconds
  Import took 0.015165 seconds .

========================================================================
Received Import Request.
  Time since last request: 113.890639 seconds.
  path: Assets/background images/Background image.PNG
  artifactKey: Guid(caa7b01aeb7aa2b4195c6b49588cfec6) Importer(815301076,1909f56bfc062723c751e8b465ee728b)
Start importing Assets/background images/Background image.PNG using Guid(caa7b01aeb7aa2b4195c6b49588cfec6) Importer(815301076,1909f56bfc062723c751e8b465ee728b)  -> (artifact id: '8e3d24ca50da0aaf10ebf29679e10cee') in 0.013395 seconds
  Import took 0.016157 seconds .

========================================================================
Received Import Request.
  Time since last request: 0.000158 seconds.
  path: Assets/background images/background mountains.PNG
  artifactKey: Guid(a2ff3ad7b1044474abb4769aa8fb89e3) Importer(815301076,1909f56bfc062723c751e8b465ee728b)
Start importing Assets/background images/background mountains.PNG using Guid(a2ff3ad7b1044474abb4769aa8fb89e3) Importer(815301076,1909f56bfc062723c751e8b465ee728b)  -> (artifact id: '319c872ecb59d79ee2d4338c429bc78e') in 0.016970 seconds
  Import took 0.019750 seconds .

========================================================================
Received Import Request.
  Time since last request: 93.237896 seconds.
  path: Assets/background images/Background image.PNG
  artifactKey: Guid(caa7b01aeb7aa2b4195c6b49588cfec6) Importer(815301076,1909f56bfc062723c751e8b465ee728b)
Start importing Assets/background images/Background image.PNG using Guid(caa7b01aeb7aa2b4195c6b49588cfec6) Importer(815301076,1909f56bfc062723c751e8b465ee728b)  -> (artifact id: '177260c50af6303410a7082c95201a53') in 0.019846 seconds
  Import took 0.022829 seconds .

========================================================================
Received Import Request.
  Time since last request: 63.870165 seconds.
  path: Assets/background images/walk - vanilla.png
  artifactKey: Guid(ef4935912b9e49942a1ecd3971960162) Importer(815301076,1909f56bfc062723c751e8b465ee728b)
Start importing Assets/background images/walk - vanilla.png using Guid(ef4935912b9e49942a1ecd3971960162) Importer(815301076,1909f56bfc062723c751e8b465ee728b)  -> (artifact id: 'db61ba3f3ae97bfe01f67bf4f7023692') in 0.015730 seconds
  Import took 0.018585 seconds .

========================================================================
Received Prepare
Registering precompiled user dll's ...
Registered in 0.000632 seconds.
Begin MonoManager ReloadAssembly
Native extension for WindowsStandalone target not found
Refreshing native plugins compatible for Editor in 0.39 ms, found 1 plugins.
Preloading 0 native plugins for Editor in 0.00 ms.
Mono: successfully reloaded assembly
- Completed reload, in  0.660 seconds
Platform modules already initialized, skipping
Refreshing native plugins compatible for Editor in 0.28 ms, found 1 plugins.
Preloading 0 native plugins for Editor in 0.00 ms.
Unloading 1803 Unused Serialized files (Serialized files now loaded: 0)
System memory in use before: 88.5 MB.
System memory in use after: 88.4 MB.

Unloading 12 unused Assets to reduce memory usage. Loaded Objects now: 2268.
Total: 2.125100 ms (FindLiveObjects: 0.193100 ms CreateObjectMapping: 0.038900 ms MarkObjects: 1.780000 ms  DeleteObjects: 0.112100 ms)

========================================================================
Received Import Request.
  Time since last request: 167.534775 seconds.
  path: Assets/background images/walk - vanilla.png
  artifactKey: Guid(ef4935912b9e49942a1ecd3971960162) Importer(815301076,1909f56bfc062723c751e8b465ee728b)
Start importing Assets/background images/walk - vanilla.png using Guid(ef4935912b9e49942a1ecd3971960162) Importer(815301076,1909f56bfc062723c751e8b465ee728b)  -> (artifact id: '96dca35acfee6a216d8b054dd17ee172') in 0.028855 seconds
  Import took 0.031657 seconds .

========================================================================
Received Import Request.
  Time since last request: 77.866089 seconds.
  path: Assets/background images/walk - vanilla.png
  artifactKey: Guid(ef4935912b9e49942a1ecd3971960162) Importer(815301076,1909f56bfc062723c751e8b465ee728b)
Start importing Assets/background images/walk - vanilla.png using Guid(ef4935912b9e49942a1ecd3971960162) Importer(815301076,1909f56bfc062723c751e8b465ee728b)  -> (artifact id: '372b380fbc81974d2e2b94671e1c9c20') in 0.049481 seconds
  Import took 0.052357 seconds .

========================================================================
Received Import Request.
  Time since last request: 0.005963 seconds.
  path: Assets/background images/walk - vanilla.png
  artifactKey: Guid(ef4935912b9e49942a1ecd3971960162) Importer(815301076,1909f56bfc062723c751e8b465ee728b)
Start importing Assets/background images/walk - vanilla.png using Guid(ef4935912b9e49942a1ecd3971960162) Importer(815301076,1909f56bfc062723c751e8b465ee728b)  -> (artifact id: '372b380fbc81974d2e2b94671e1c9c20') in 0.052652 seconds
  Import took 0.055323 seconds .

========================================================================
Received Import Request.
  Time since last request: 77.119931 seconds.
  path: Assets/background images/walk - vanilla.png
  artifactKey: Guid(ef4935912b9e49942a1ecd3971960162) Importer(815301076,1909f56bfc062723c751e8b465ee728b)
Start importing Assets/background images/walk - vanilla.png using Guid(ef4935912b9e49942a1ecd3971960162) Importer(815301076,1909f56bfc062723c751e8b465ee728b)  -> (artifact id: 'c848ba71296d770431a9ae3d592be770') in 0.051604 seconds
  Import took 0.054449 seconds .

========================================================================
Received Import Request.
  Time since last request: 49.572234 seconds.
  path: Assets/background images/walk - vanilla.png
  artifactKey: Guid(ef4935912b9e49942a1ecd3971960162) Importer(815301076,1909f56bfc062723c751e8b465ee728b)
Start importing Assets/background images/walk - vanilla.png using Guid(ef4935912b9e49942a1ecd3971960162) Importer(815301076,1909f56bfc062723c751e8b465ee728b)  -> (artifact id: '597f7416734f32ee6d8d81fb3cc25ce6') in 0.049684 seconds
  Import took 0.052501 seconds .

========================================================================
Received Import Request.
  Time since last request: 263.548240 seconds.
  path: ProjectSettings/TagManager.asset
  artifactKey: Guid(00000000000000003000000000000000) Importer(815301076,1909f56bfc062723c751e8b465ee728b)
Start importing ProjectSettings/TagManager.asset using Guid(00000000000000003000000000000000) Importer(815301076,1909f56bfc062723c751e8b465ee728b)  -> (artifact id: '412dcb57b31f49cb50955ec4e4cd9f98') in 0.014230 seconds
  Import took 0.016976 seconds .

========================================================================
Received Import Request.
  Time since last request: 685.913309 seconds.
  path: Assets
  artifactKey: Guid(00000000000000001000000000000000) Importer(815301076,1909f56bfc062723c751e8b465ee728b)
Start importing Assets using Guid(00000000000000001000000000000000) Importer(815301076,1909f56bfc062723c751e8b465ee728b)  -> (artifact id: '025e4f587c23674256bb898581e82961') in 0.004899 seconds
  Import took 0.007791 seconds .

========================================================================
Received Import Request.
  Time since last request: 0.000645 seconds.
  path: Assets
  artifactKey: Guid(00000000000000001000000000000000) Importer(815301076,1909f56bfc062723c751e8b465ee728b)
Start importing Assets using Guid(00000000000000001000000000000000) Importer(815301076,1909f56bfc062723c751e8b465ee728b)  -> (artifact id: '025e4f587c23674256bb898581e82961') in 0.001335 seconds
  Import took 0.003056 seconds .

========================================================================
Received Import Request.
  Time since last request: 5.592277 seconds.
  path: Assets/Player.cs
  artifactKey: Guid(54a24417ea3d8ac4b9af41d1f1a2b045) Importer(815301076,1909f56bfc062723c751e8b465ee728b)
Start importing Assets/Player.cs using Guid(54a24417ea3d8ac4b9af41d1f1a2b045) Importer(815301076,1909f56bfc062723c751e8b465ee728b)  -> (artifact id: '5980a3ad72b6f2bbb341097ac455064c') in 0.011526 seconds
  Import took 0.014165 seconds .

========================================================================
Received Prepare
Registering precompiled user dll's ...
Registered in 0.000649 seconds.
Begin MonoManager ReloadAssembly
Native extension for WindowsStandalone target not found
Refreshing native plugins compatible for Editor in 0.42 ms, found 1 plugins.
Preloading 0 native plugins for Editor in 0.00 ms.
Mono: successfully reloaded assembly
- Completed reload, in  0.736 seconds
Platform modules already initialized, skipping
Refreshing native plugins compatible for Editor in 0.38 ms, found 1 plugins.
Preloading 0 native plugins for Editor in 0.00 ms.
Unloading 1804 Unused Serialized files (Serialized files now loaded: 0)
System memory in use before: 88.5 MB.
System memory in use after: 88.5 MB.

Unloading 13 unused Assets to reduce memory usage. Loaded Objects now: 2276.
Total: 2.116700 ms (FindLiveObjects: 0.336700 ms CreateObjectMapping: 0.056700 ms MarkObjects: 1.610300 ms  DeleteObjects: 0.112000 ms)

========================================================================
Received Prepare
Registering precompiled user dll's ...
Registered in 0.000616 seconds.
Begin MonoManager ReloadAssembly
Native extension for WindowsStandalone target not found
Refreshing native plugins compatible for Editor in 0.37 ms, found 1 plugins.
Preloading 0 native plugins for Editor in 0.00 ms.
Mono: successfully reloaded assembly
- Completed reload, in  0.669 seconds
Platform modules already initialized, skipping
Refreshing native plugins compatible for Editor in 0.32 ms, found 1 plugins.
Preloading 0 native plugins for Editor in 0.00 ms.
Unloading 1804 Unused Serialized files (Serialized files now loaded: 0)
System memory in use before: 88.6 MB.
System memory in use after: 88.5 MB.

Unloading 12 unused Assets to reduce memory usage. Loaded Objects now: 2280.
Total: 1.769500 ms (FindLiveObjects: 0.208400 ms CreateObjectMapping: 0.041400 ms MarkObjects: 1.417900 ms  DeleteObjects: 0.101000 ms)

========================================================================
Received Prepare
Registering precompiled user dll's ...
Registered in 0.000611 seconds.
Begin MonoManager ReloadAssembly
Native extension for WindowsStandalone target not found
Refreshing native plugins compatible for Editor in 0.36 ms, found 1 plugins.
Preloading 0 native plugins for Editor in 0.00 ms.
Mono: successfully reloaded assembly
- Completed reload, in  0.682 seconds
Platform modules already initialized, skipping
Refreshing native plugins compatible for Editor in 0.29 ms, found 1 plugins.
Preloading 0 native plugins for Editor in 0.00 ms.
Unloading 1804 Unused Serialized files (Serialized files now loaded: 0)
System memory in use before: 88.6 MB.
System memory in use after: 88.6 MB.

Unloading 12 unused Assets to reduce memory usage. Loaded Objects now: 2284.
Total: 2.152600 ms (FindLiveObjects: 0.198500 ms CreateObjectMapping: 0.045800 ms MarkObjects: 1.797700 ms  DeleteObjects: 0.109500 ms)

========================================================================
Received Prepare
Registering precompiled user dll's ...
Registered in 0.000636 seconds.
Begin MonoManager ReloadAssembly
Native extension for WindowsStandalone target not found
Refreshing native plugins compatible for Editor in 0.37 ms, found 1 plugins.
Preloading 0 native plugins for Editor in 0.00 ms.
Mono: successfully reloaded assembly
- Completed reload, in  0.661 seconds
Platform modules already initialized, skipping
Refreshing native plugins compatible for Editor in 0.33 ms, found 1 plugins.
Preloading 0 native plugins for Editor in 0.00 ms.
Unloading 1804 Unused Serialized files (Serialized files now loaded: 0)
System memory in use before: 88.6 MB.
System memory in use after: 88.6 MB.

Unloading 12 unused Assets to reduce memory usage. Loaded Objects now: 2288.
Total: 2.142000 ms (FindLiveObjects: 0.201000 ms CreateObjectMapping: 0.041300 ms MarkObjects: 1.780000 ms  DeleteObjects: 0.118600 ms)

========================================================================
Received Prepare
Registering precompiled user dll's ...
Registered in 0.000662 seconds.
Begin MonoManager ReloadAssembly
Native extension for WindowsStandalone target not found
Refreshing native plugins compatible for Editor in 0.43 ms, found 1 plugins.
Preloading 0 native plugins for Editor in 0.00 ms.
Mono: successfully reloaded assembly
- Completed reload, in  0.700 seconds
Platform modules already initialized, skipping
Refreshing native plugins compatible for Editor in 0.38 ms, found 1 plugins.
Preloading 0 native plugins for Editor in 0.00 ms.
Unloading 1804 Unused Serialized files (Serialized files now loaded: 0)
System memory in use before: 88.6 MB.
System memory in use after: 88.6 MB.

Unloading 12 unused Assets to reduce memory usage. Loaded Objects now: 2292.
Total: 2.375800 ms (FindLiveObjects: 0.336000 ms CreateObjectMapping: 0.072400 ms MarkObjects: 1.844100 ms  DeleteObjects: 0.121600 ms)

========================================================================
Received Prepare
Registering precompiled user dll's ...
Registered in 0.000530 seconds.
Begin MonoManager ReloadAssembly
Native extension for WindowsStandalone target not found
Refreshing native plugins compatible for Editor in 0.37 ms, found 1 plugins.
Preloading 0 native plugins for Editor in 0.00 ms.
Mono: successfully reloaded assembly
- Completed reload, in  0.663 seconds
Platform modules already initialized, skipping
Refreshing native plugins compatible for Editor in 0.31 ms, found 1 plugins.
Preloading 0 native plugins for Editor in 0.00 ms.
Unloading 1804 Unused Serialized files (Serialized files now loaded: 0)
System memory in use before: 88.6 MB.
System memory in use after: 88.6 MB.

Unloading 12 unused Assets to reduce memory usage. Loaded Objects now: 2296.
Total: 1.795800 ms (FindLiveObjects: 0.199600 ms CreateObjectMapping: 0.043900 ms MarkObjects: 1.457500 ms  DeleteObjects: 0.094100 ms)

========================================================================
Received Prepare
Registering precompiled user dll's ...
Registered in 0.000748 seconds.
Begin MonoManager ReloadAssembly
Native extension for WindowsStandalone target not found
Refreshing native plugins compatible for Editor in 0.36 ms, found 1 plugins.
Preloading 0 native plugins for Editor in 0.00 ms.
Mono: successfully reloaded assembly
- Completed reload, in  0.672 seconds
Platform modules already initialized, skipping
Refreshing native plugins compatible for Editor in 0.31 ms, found 1 plugins.
Preloading 0 native plugins for Editor in 0.00 ms.
Unloading 1804 Unused Serialized files (Serialized files now loaded: 0)
System memory in use before: 88.6 MB.
System memory in use after: 88.6 MB.

Unloading 12 unused Assets to reduce memory usage. Loaded Objects now: 2300.
Total: 2.168000 ms (FindLiveObjects: 0.239400 ms CreateObjectMapping: 0.040000 ms MarkObjects: 1.768200 ms  DeleteObjects: 0.119400 ms)

========================================================================
Received Prepare
Registering precompiled user dll's ...
Registered in 0.000707 seconds.
Begin MonoManager ReloadAssembly
Native extension for WindowsStandalone target not found
Refreshing native plugins compatible for Editor in 0.36 ms, found 1 plugins.
Preloading 0 native plugins for Editor in 0.00 ms.
Mono: successfully reloaded assembly
- Completed reload, in  0.657 seconds
Platform modules already initialized, skipping
Refreshing native plugins compatible for Editor in 0.30 ms, found 1 plugins.
Preloading 0 native plugins for Editor in 0.00 ms.
Unloading 1804 Unused Serialized files (Serialized files now loaded: 0)
System memory in use before: 88.6 MB.
System memory in use after: 88.6 MB.

Unloading 12 unused Assets to reduce memory usage. Loaded Objects now: 2304.
Total: 2.127300 ms (FindLiveObjects: 0.192600 ms CreateObjectMapping: 0.039100 ms MarkObjects: 1.775200 ms  DeleteObjects: 0.119300 ms)

========================================================================
Received Prepare
Registering precompiled user dll's ...
Registered in 0.000506 seconds.
Begin MonoManager ReloadAssembly
Native extension for WindowsStandalone target not found
Refreshing native plugins compatible for Editor in 0.37 ms, found 1 plugins.
Preloading 0 native plugins for Editor in 0.00 ms.
Mono: successfully reloaded assembly
- Completed reload, in  0.669 seconds
Platform modules already initialized, skipping
Refreshing native plugins compatible for Editor in 0.36 ms, found 1 plugins.
Preloading 0 native plugins for Editor in 0.00 ms.
Unloading 1804 Unused Serialized files (Serialized files now loaded: 0)
System memory in use before: 88.6 MB.
System memory in use after: 88.6 MB.

Unloading 12 unused Assets to reduce memory usage. Loaded Objects now: 2308.
Total: 2.184500 ms (FindLiveObjects: 0.219300 ms CreateObjectMapping: 0.046800 ms MarkObjects: 1.808800 ms  DeleteObjects: 0.108300 ms)

========================================================================
Received Import Request.
  Time since last request: 1041.727196 seconds.
  path: Assets/Anim/Player.controller
  artifactKey: Guid(cb9b0c85a903c1e4d9d2cd26ffd491b1) Importer(815301076,1909f56bfc062723c751e8b465ee728b)
Start importing Assets/Anim/Player.controller using Guid(cb9b0c85a903c1e4d9d2cd26ffd491b1) Importer(815301076,1909f56bfc062723c751e8b465ee728b)  -> (artifact id: '7e6dff7e600b07a8df8f75684e8a2a6f') in 0.017786 seconds
  Import took 0.037614 seconds .

========================================================================
Received Import Request.
  Time since last request: 331.716970 seconds.
  path: Assets/Anim
  artifactKey: Guid(35d24be73eb3f34448f6d5b73e57fc40) Importer(815301076,1909f56bfc062723c751e8b465ee728b)
Start importing Assets/Anim using Guid(35d24be73eb3f34448f6d5b73e57fc40) Importer(815301076,1909f56bfc062723c751e8b465ee728b)  -> (artifact id: 'ab7622a3eb64839c34c1001575a9a8a6') in 0.008310 seconds
  Import took 0.011068 seconds .

========================================================================
Received Prepare
Registering precompiled user dll's ...
Registered in 0.000677 seconds.
Begin MonoManager ReloadAssembly
Native extension for WindowsStandalone target not found
Refreshing native plugins compatible for Editor in 0.36 ms, found 1 plugins.
Preloading 0 native plugins for Editor in 0.00 ms.
Mono: successfully reloaded assembly
- Completed reload, in  0.664 seconds
Platform modules already initialized, skipping
Refreshing native plugins compatible for Editor in 0.32 ms, found 1 plugins.
Preloading 0 native plugins for Editor in 0.00 ms.
Unloading 1804 Unused Serialized files (Serialized files now loaded: 0)
System memory in use before: 88.7 MB.
System memory in use after: 88.6 MB.

Unloading 12 unused Assets to reduce memory usage. Loaded Objects now: 2312.
Total: 1.888700 ms (FindLiveObjects: 0.279500 ms CreateObjectMapping: 0.040700 ms MarkObjects: 1.417000 ms  DeleteObjects: 0.150500 ms)

========================================================================
Received Import Request.
  Time since last request: 543.663106 seconds.
  path: Assets/Scripts
  artifactKey: Guid(d25200b849779444e833f6c27b59da42) Importer(815301076,1909f56bfc062723c751e8b465ee728b)
Start importing Assets/Scripts using Guid(d25200b849779444e833f6c27b59da42) Importer(815301076,1909f56bfc062723c751e8b465ee728b)  -> (artifact id: 'a174a2d05184311c82423fb855d33802') in 0.008620 seconds
  Import took 0.019392 seconds .

========================================================================
Received Prepare
Registering precompiled user dll's ...
Registered in 0.000661 seconds.
Begin MonoManager ReloadAssembly
Native extension for WindowsStandalone target not found
Refreshing native plugins compatible for Editor in 0.40 ms, found 1 plugins.
Preloading 0 native plugins for Editor in 0.00 ms.
Mono: successfully reloaded assembly
- Completed reload, in  0.701 seconds
Platform modules already initialized, skipping
Refreshing native plugins compatible for Editor in 0.36 ms, found 1 plugins.
Preloading 0 native plugins for Editor in 0.00 ms.
Unloading 1804 Unused Serialized files (Serialized files now loaded: 0)
System memory in use before: 88.7 MB.
System memory in use after: 88.6 MB.

Unloading 12 unused Assets to reduce memory usage. Loaded Objects now: 2316.
Total: 2.175500 ms (FindLiveObjects: 0.217800 ms CreateObjectMapping: 0.038600 ms MarkObjects: 1.799800 ms  DeleteObjects: 0.117900 ms)

========================================================================
Received Import Request.
  Time since last request: 7.302403 seconds.
  path: Assets/New Folder
  artifactKey: Guid(5818d8e415aa2cb458c44e80cdb283e1) Importer(815301076,1909f56bfc062723c751e8b465ee728b)
Start importing Assets/New Folder using Guid(5818d8e415aa2cb458c44e80cdb283e1) Importer(815301076,1909f56bfc062723c751e8b465ee728b)  -> (artifact id: '2e77f950e3b5b4ce3d9fa37d1d826c65') in 0.007639 seconds
  Import took 0.010349 seconds .

========================================================================
Received Import Request.
  Time since last request: 8.206815 seconds.
  path: Assets/Sprites
  artifactKey: Guid(5818d8e415aa2cb458c44e80cdb283e1) Importer(815301076,1909f56bfc062723c751e8b465ee728b)
Start importing Assets/Sprites using Guid(5818d8e415aa2cb458c44e80cdb283e1) Importer(815301076,1909f56bfc062723c751e8b465ee728b)  -> (artifact id: 'e468e6d8342691a53ae59cd21eaa4824') in 0.005157 seconds
  Import took 0.016208 seconds .

========================================================================
Received Import Request.
  Time since last request: 323.083466 seconds.
  path: Assets/Sprites/walk - vanilla.png
  artifactKey: Guid(ef4935912b9e49942a1ecd3971960162) Importer(815301076,1909f56bfc062723c751e8b465ee728b)
Start importing Assets/Sprites/walk - vanilla.png using Guid(ef4935912b9e49942a1ecd3971960162) Importer(815301076,1909f56bfc062723c751e8b465ee728b)  -> (artifact id: 'c726cfae0daaf4ff0c16cd0ed7e7ed96') in 0.092105 seconds
  Import took 0.101515 seconds .

========================================================================
Received Import Request.
  Time since last request: 115.550185 seconds.
  path: Assets/Sprites/walk - vanilla.png
  artifactKey: Guid(ef4935912b9e49942a1ecd3971960162) Importer(815301076,1909f56bfc062723c751e8b465ee728b)
Start importing Assets/Sprites/walk - vanilla.png using Guid(ef4935912b9e49942a1ecd3971960162) Importer(815301076,1909f56bfc062723c751e8b465ee728b)  -> (artifact id: '012105500074c81b3b4866d7a6c04edc') in 0.038413 seconds
  Import took 0.041280 seconds .

========================================================================
Received Prepare
Registering precompiled user dll's ...
Registered in 0.000622 seconds.
Begin MonoManager ReloadAssembly
Native extension for WindowsStandalone target not found
Refreshing native plugins compatible for Editor in 0.36 ms, found 1 plugins.
Preloading 0 native plugins for Editor in 0.00 ms.
Mono: successfully reloaded assembly
- Completed reload, in  0.677 seconds
Platform modules already initialized, skipping
Refreshing native plugins compatible for Editor in 0.35 ms, found 1 plugins.
Preloading 0 native plugins for Editor in 0.00 ms.
Unloading 1804 Unused Serialized files (Serialized files now loaded: 0)
System memory in use before: 88.7 MB.
System memory in use after: 88.7 MB.

Unloading 12 unused Assets to reduce memory usage. Loaded Objects now: 2335.
Total: 2.248700 ms (FindLiveObjects: 0.215200 ms CreateObjectMapping: 0.047600 ms MarkObjects: 1.870000 ms  DeleteObjects: 0.114600 ms)

========================================================================
Received Prepare
Registering precompiled user dll's ...
Registered in 0.000612 seconds.
Begin MonoManager ReloadAssembly
Native extension for WindowsStandalone target not found
Refreshing native plugins compatible for Editor in 0.36 ms, found 1 plugins.
Preloading 0 native plugins for Editor in 0.00 ms.
Mono: successfully reloaded assembly
- Completed reload, in  0.662 seconds
Platform modules already initialized, skipping
Refreshing native plugins compatible for Editor in 0.35 ms, found 1 plugins.
Preloading 0 native plugins for Editor in 0.00 ms.
Unloading 1804 Unused Serialized files (Serialized files now loaded: 0)
System memory in use before: 88.7 MB.
System memory in use after: 88.7 MB.

Unloading 12 unused Assets to reduce memory usage. Loaded Objects now: 2339.
Total: 2.159600 ms (FindLiveObjects: 0.220300 ms CreateObjectMapping: 0.039600 ms MarkObjects: 1.784100 ms  DeleteObjects: 0.114500 ms)

========================================================================
Received Prepare
Registering precompiled user dll's ...
Registered in 0.000506 seconds.
Begin MonoManager ReloadAssembly
Native extension for WindowsStandalone target not found
Refreshing native plugins compatible for Editor in 0.39 ms, found 1 plugins.
Preloading 0 native plugins for Editor in 0.00 ms.
Mono: successfully reloaded assembly
- Completed reload, in  0.644 seconds
Platform modules already initialized, skipping
Refreshing native plugins compatible for Editor in 0.32 ms, found 1 plugins.
Preloading 0 native plugins for Editor in 0.00 ms.
Unloading 1804 Unused Serialized files (Serialized files now loaded: 0)
System memory in use before: 88.7 MB.
System memory in use after: 88.7 MB.

Unloading 12 unused Assets to reduce memory usage. Loaded Objects now: 2343.
Total: 1.935800 ms (FindLiveObjects: 0.207700 ms CreateObjectMapping: 0.050300 ms MarkObjects: 1.570200 ms  DeleteObjects: 0.106300 ms)

========================================================================
Received Prepare
Registering precompiled user dll's ...
Registered in 0.000633 seconds.
Begin MonoManager ReloadAssembly
Native extension for WindowsStandalone target not found
Refreshing native plugins compatible for Editor in 0.36 ms, found 1 plugins.
Preloading 0 native plugins for Editor in 0.00 ms.
Mono: successfully reloaded assembly
- Completed reload, in  0.664 seconds
Platform modules already initialized, skipping
Refreshing native plugins compatible for Editor in 0.33 ms, found 1 plugins.
Preloading 0 native plugins for Editor in 0.00 ms.
Unloading 1804 Unused Serialized files (Serialized files now loaded: 0)
System memory in use before: 88.7 MB.
System memory in use after: 88.7 MB.

Unloading 12 unused Assets to reduce memory usage. Loaded Objects now: 2347.
Total: 1.816400 ms (FindLiveObjects: 0.208000 ms CreateObjectMapping: 0.049100 ms MarkObjects: 1.456100 ms  DeleteObjects: 0.102400 ms)

========================================================================
Received Prepare
Registering precompiled user dll's ...
Registered in 0.000621 seconds.
Begin MonoManager ReloadAssembly
Native extension for WindowsStandalone target not found
Refreshing native plugins compatible for Editor in 0.37 ms, found 1 plugins.
Preloading 0 native plugins for Editor in 0.00 ms.
Mono: successfully reloaded assembly
- Completed reload, in  0.673 seconds
Platform modules already initialized, skipping
Refreshing native plugins compatible for Editor in 0.30 ms, found 1 plugins.
Preloading 0 native plugins for Editor in 0.00 ms.
Unloading 1804 Unused Serialized files (Serialized files now loaded: 0)
System memory in use before: 88.7 MB.
System memory in use after: 88.7 MB.

Unloading 12 unused Assets to reduce memory usage. Loaded Objects now: 2351.
Total: 2.172600 ms (FindLiveObjects: 0.262400 ms CreateObjectMapping: 0.047100 ms MarkObjects: 1.753500 ms  DeleteObjects: 0.108600 ms)

========================================================================
Received Prepare
Registering precompiled user dll's ...
Registered in 0.000588 seconds.
Begin MonoManager ReloadAssembly
Native extension for WindowsStandalone target not found
Refreshing native plugins compatible for Editor in 0.36 ms, found 1 plugins.
Preloading 0 native plugins for Editor in 0.00 ms.
Mono: successfully reloaded assembly
- Completed reload, in  0.653 seconds
Platform modules already initialized, skipping
Refreshing native plugins compatible for Editor in 0.29 ms, found 1 plugins.
Preloading 0 native plugins for Editor in 0.00 ms.
Unloading 1804 Unused Serialized files (Serialized files now loaded: 0)
System memory in use before: 88.7 MB.
System memory in use after: 88.7 MB.

Unloading 12 unused Assets to reduce memory usage. Loaded Objects now: 2355.
Total: 1.947000 ms (FindLiveObjects: 0.200600 ms CreateObjectMapping: 0.048500 ms MarkObjects: 1.579400 ms  DeleteObjects: 0.117600 ms)

========================================================================
Received Prepare
Registering precompiled user dll's ...
Registered in 0.000617 seconds.
Begin MonoManager ReloadAssembly
Native extension for WindowsStandalone target not found
Refreshing native plugins compatible for Editor in 0.37 ms, found 1 plugins.
Preloading 0 native plugins for Editor in 0.00 ms.
Mono: successfully reloaded assembly
- Completed reload, in  0.665 seconds
Platform modules already initialized, skipping
Refreshing native plugins compatible for Editor in 0.27 ms, found 1 plugins.
Preloading 0 native plugins for Editor in 0.00 ms.
Unloading 1804 Unused Serialized files (Serialized files now loaded: 0)
System memory in use before: 88.8 MB.
System memory in use after: 88.7 MB.

Unloading 12 unused Assets to reduce memory usage. Loaded Objects now: 2359.
Total: 2.028800 ms (FindLiveObjects: 0.362800 ms CreateObjectMapping: 0.040900 ms MarkObjects: 1.510000 ms  DeleteObjects: 0.113800 ms)

========================================================================
Received Prepare
Registering precompiled user dll's ...
Registered in 0.000595 seconds.
Begin MonoManager ReloadAssembly
Native extension for WindowsStandalone target not found
Refreshing native plugins compatible for Editor in 0.36 ms, found 1 plugins.
Preloading 0 native plugins for Editor in 0.00 ms.
Mono: successfully reloaded assembly
- Completed reload, in  0.650 seconds
Platform modules already initialized, skipping
Refreshing native plugins compatible for Editor in 0.30 ms, found 1 plugins.
Preloading 0 native plugins for Editor in 0.00 ms.
Unloading 1804 Unused Serialized files (Serialized files now loaded: 0)
System memory in use before: 88.8 MB.
System memory in use after: 88.7 MB.

Unloading 12 unused Assets to reduce memory usage. Loaded Objects now: 2363.
Total: 2.019700 ms (FindLiveObjects: 0.212400 ms CreateObjectMapping: 0.048800 ms MarkObjects: 1.630700 ms  DeleteObjects: 0.127000 ms)

========================================================================
Received Prepare
Registering precompiled user dll's ...
Registered in 0.000632 seconds.
Begin MonoManager ReloadAssembly
Native extension for WindowsStandalone target not found
Refreshing native plugins compatible for Editor in 0.36 ms, found 1 plugins.
Preloading 0 native plugins for Editor in 0.00 ms.
Mono: successfully reloaded assembly
- Completed reload, in  0.663 seconds
Platform modules already initialized, skipping
Refreshing native plugins compatible for Editor in 0.31 ms, found 1 plugins.
Preloading 0 native plugins for Editor in 0.00 ms.
Unloading 1804 Unused Serialized files (Serialized files now loaded: 0)
System memory in use before: 88.8 MB.
System memory in use after: 88.8 MB.

Unloading 12 unused Assets to reduce memory usage. Loaded Objects now: 2367.
Total: 2.067900 ms (FindLiveObjects: 0.207200 ms CreateObjectMapping: 0.050600 ms MarkObjects: 1.699400 ms  DeleteObjects: 0.109600 ms)

========================================================================
Received Prepare
Registering precompiled user dll's ...
Registered in 0.000632 seconds.
Begin MonoManager ReloadAssembly
Native extension for WindowsStandalone target not found
Refreshing native plugins compatible for Editor in 0.35 ms, found 1 plugins.
Preloading 0 native plugins for Editor in 0.00 ms.
Mono: successfully reloaded assembly
- Completed reload, in  0.661 seconds
Platform modules already initialized, skipping
Refreshing native plugins compatible for Editor in 0.32 ms, found 1 plugins.
Preloading 0 native plugins for Editor in 0.00 ms.
Unloading 1804 Unused Serialized files (Serialized files now loaded: 0)
System memory in use before: 88.8 MB.
System memory in use after: 88.8 MB.

Unloading 12 unused Assets to reduce memory usage. Loaded Objects now: 2371.
Total: 2.187100 ms (FindLiveObjects: 0.306100 ms CreateObjectMapping: 0.064900 ms MarkObjects: 1.721000 ms  DeleteObjects: 0.093800 ms)

========================================================================
Received Prepare
Registering precompiled user dll's ...
Registered in 0.000634 seconds.
Begin MonoManager ReloadAssembly
Native extension for WindowsStandalone target not found
Refreshing native plugins compatible for Editor in 0.38 ms, found 1 plugins.
Preloading 0 native plugins for Editor in 0.00 ms.
Mono: successfully reloaded assembly
- Completed reload, in  0.660 seconds
Platform modules already initialized, skipping
Refreshing native plugins compatible for Editor in 0.31 ms, found 1 plugins.
Preloading 0 native plugins for Editor in 0.00 ms.
Unloading 1804 Unused Serialized files (Serialized files now loaded: 0)
System memory in use before: 88.8 MB.
System memory in use after: 88.8 MB.

Unloading 12 unused Assets to reduce memory usage. Loaded Objects now: 2375.
Total: 2.217300 ms (FindLiveObjects: 0.209900 ms CreateObjectMapping: 0.047200 ms MarkObjects: 1.846200 ms  DeleteObjects: 0.112700 ms)

========================================================================
Received Prepare
Registering precompiled user dll's ...
Registered in 0.000526 seconds.
Begin MonoManager ReloadAssembly
Native extension for WindowsStandalone target not found
Refreshing native plugins compatible for Editor in 0.37 ms, found 1 plugins.
Preloading 0 native plugins for Editor in 0.00 ms.
Mono: successfully reloaded assembly
- Completed reload, in  0.650 seconds
Platform modules already initialized, skipping
Refreshing native plugins compatible for Editor in 0.36 ms, found 1 plugins.
Preloading 0 native plugins for Editor in 0.00 ms.
Unloading 1804 Unused Serialized files (Serialized files now loaded: 0)
System memory in use before: 88.8 MB.
System memory in use after: 88.8 MB.

Unloading 12 unused Assets to reduce memory usage. Loaded Objects now: 2379.
Total: 1.986700 ms (FindLiveObjects: 0.221500 ms CreateObjectMapping: 0.040800 ms MarkObjects: 1.600500 ms  DeleteObjects: 0.123300 ms)

========================================================================
Received Prepare
Registering precompiled user dll's ...
Registered in 0.000529 seconds.
Begin MonoManager ReloadAssembly
Native extension for WindowsStandalone target not found
Refreshing native plugins compatible for Editor in 0.36 ms, found 1 plugins.
Preloading 0 native plugins for Editor in 0.00 ms.
Mono: successfully reloaded assembly
- Completed reload, in  0.661 seconds
Platform modules already initialized, skipping
Refreshing native plugins compatible for Editor in 0.32 ms, found 1 plugins.
Preloading 0 native plugins for Editor in 0.00 ms.
Unloading 1804 Unused Serialized files (Serialized files now loaded: 0)
System memory in use before: 88.8 MB.
System memory in use after: 88.8 MB.

Unloading 12 unused Assets to reduce memory usage. Loaded Objects now: 2383.
Total: 1.795600 ms (FindLiveObjects: 0.223300 ms CreateObjectMapping: 0.047600 ms MarkObjects: 1.425800 ms  DeleteObjects: 0.098200 ms)

========================================================================
Received Prepare
Registering precompiled user dll's ...
Registered in 0.000726 seconds.
Begin MonoManager ReloadAssembly
Native extension for WindowsStandalone target not found
Refreshing native plugins compatible for Editor in 0.36 ms, found 1 plugins.
Preloading 0 native plugins for Editor in 0.00 ms.
Mono: successfully reloaded assembly
- Completed reload, in  0.670 seconds
Platform modules already initialized, skipping
Refreshing native plugins compatible for Editor in 0.34 ms, found 1 plugins.
Preloading 0 native plugins for Editor in 0.00 ms.
Unloading 1804 Unused Serialized files (Serialized files now loaded: 0)
System memory in use before: 88.8 MB.
System memory in use after: 88.8 MB.

Unloading 12 unused Assets to reduce memory usage. Loaded Objects now: 2387.
Total: 2.054800 ms (FindLiveObjects: 0.236800 ms CreateObjectMapping: 0.102400 ms MarkObjects: 1.558000 ms  DeleteObjects: 0.156500 ms)

========================================================================
Received Prepare
Registering precompiled user dll's ...
Registered in 0.000616 seconds.
Begin MonoManager ReloadAssembly
Native extension for WindowsStandalone target not found
Refreshing native plugins compatible for Editor in 0.36 ms, found 1 plugins.
Preloading 0 native plugins for Editor in 0.00 ms.
Mono: successfully reloaded assembly
- Completed reload, in  0.655 seconds
Platform modules already initialized, skipping
Refreshing native plugins compatible for Editor in 0.33 ms, found 1 plugins.
Preloading 0 native plugins for Editor in 0.00 ms.
Unloading 1804 Unused Serialized files (Serialized files now loaded: 0)
System memory in use before: 88.8 MB.
System memory in use after: 88.8 MB.

Unloading 12 unused Assets to reduce memory usage. Loaded Objects now: 2391.
Total: 1.792200 ms (FindLiveObjects: 0.203000 ms CreateObjectMapping: 0.046700 ms MarkObjects: 1.445400 ms  DeleteObjects: 0.096400 ms)

========================================================================
Received Prepare
Registering precompiled user dll's ...
Registered in 0.000615 seconds.
Begin MonoManager ReloadAssembly
Native extension for WindowsStandalone target not found
Refreshing native plugins compatible for Editor in 0.36 ms, found 1 plugins.
Preloading 0 native plugins for Editor in 0.00 ms.
Mono: successfully reloaded assembly
- Completed reload, in  0.664 seconds
Platform modules already initialized, skipping
Refreshing native plugins compatible for Editor in 0.29 ms, found 1 plugins.
Preloading 0 native plugins for Editor in 0.00 ms.
Unloading 1804 Unused Serialized files (Serialized files now loaded: 0)
System memory in use before: 88.8 MB.
System memory in use after: 88.8 MB.

Unloading 12 unused Assets to reduce memory usage. Loaded Objects now: 2395.
Total: 1.941100 ms (FindLiveObjects: 0.204000 ms CreateObjectMapping: 0.048900 ms MarkObjects: 1.559000 ms  DeleteObjects: 0.128100 ms)

========================================================================
Received Prepare
Registering precompiled user dll's ...
Registered in 0.000588 seconds.
Begin MonoManager ReloadAssembly
Native extension for WindowsStandalone target not found
Refreshing native plugins compatible for Editor in 0.37 ms, found 1 plugins.
Preloading 0 native plugins for Editor in 0.00 ms.
Mono: successfully reloaded assembly
- Completed reload, in  0.680 seconds
Platform modules already initialized, skipping
Refreshing native plugins compatible for Editor in 0.27 ms, found 1 plugins.
Preloading 0 native plugins for Editor in 0.00 ms.
Unloading 1804 Unused Serialized files (Serialized files now loaded: 0)
System memory in use before: 88.8 MB.
System memory in use after: 88.8 MB.

Unloading 12 unused Assets to reduce memory usage. Loaded Objects now: 2399.
Total: 2.159800 ms (FindLiveObjects: 0.240600 ms CreateObjectMapping: 0.041000 ms MarkObjects: 1.761300 ms  DeleteObjects: 0.115600 ms)

========================================================================
Received Prepare
Registering precompiled user dll's ...
Registered in 0.000508 seconds.
Begin MonoManager ReloadAssembly
Native extension for WindowsStandalone target not found
Refreshing native plugins compatible for Editor in 0.36 ms, found 1 plugins.
Preloading 0 native plugins for Editor in 0.00 ms.
Mono: successfully reloaded assembly
- Completed reload, in  0.665 seconds
Platform modules already initialized, skipping
Refreshing native plugins compatible for Editor in 0.34 ms, found 1 plugins.
Preloading 0 native plugins for Editor in 0.00 ms.
Unloading 1804 Unused Serialized files (Serialized files now loaded: 0)
System memory in use before: 88.9 MB.
System memory in use after: 88.8 MB.

Unloading 12 unused Assets to reduce memory usage. Loaded Objects now: 2403.
Total: 1.979200 ms (FindLiveObjects: 0.215400 ms CreateObjectMapping: 0.047900 ms MarkObjects: 1.594800 ms  DeleteObjects: 0.120300 ms)

========================================================================
Received Prepare
Registering precompiled user dll's ...
Registered in 0.000666 seconds.
Begin MonoManager ReloadAssembly
Native extension for WindowsStandalone target not found
Refreshing native plugins compatible for Editor in 0.35 ms, found 1 plugins.
Preloading 0 native plugins for Editor in 0.00 ms.
Mono: successfully reloaded assembly
- Completed reload, in  0.665 seconds
Platform modules already initialized, skipping
Refreshing native plugins compatible for Editor in 0.31 ms, found 1 plugins.
Preloading 0 native plugins for Editor in 0.00 ms.
Unloading 1804 Unused Serialized files (Serialized files now loaded: 0)
System memory in use before: 88.9 MB.
System memory in use after: 88.8 MB.

Unloading 12 unused Assets to reduce memory usage. Loaded Objects now: 2407.
Total: 2.215000 ms (FindLiveObjects: 0.241200 ms CreateObjectMapping: 0.040200 ms MarkObjects: 1.818300 ms  DeleteObjects: 0.114100 ms)

========================================================================
Received Prepare
Registering precompiled user dll's ...
Registered in 0.000617 seconds.
Begin MonoManager ReloadAssembly
Native extension for WindowsStandalone target not found
Refreshing native plugins compatible for Editor in 0.37 ms, found 1 plugins.
Preloading 0 native plugins for Editor in 0.00 ms.
Mono: successfully reloaded assembly
- Completed reload, in  0.681 seconds
Platform modules already initialized, skipping
Refreshing native plugins compatible for Editor in 0.34 ms, found 1 plugins.
Preloading 0 native plugins for Editor in 0.00 ms.
Unloading 1804 Unused Serialized files (Serialized files now loaded: 0)
System memory in use before: 88.9 MB.
System memory in use after: 88.9 MB.

Unloading 12 unused Assets to reduce memory usage. Loaded Objects now: 2411.
Total: 1.840700 ms (FindLiveObjects: 0.227800 ms CreateObjectMapping: 0.043300 ms MarkObjects: 1.470300 ms  DeleteObjects: 0.098500 ms)

========================================================================
Received Prepare
Registering precompiled user dll's ...
Registered in 0.000528 seconds.
Begin MonoManager ReloadAssembly
Native extension for WindowsStandalone target not found
Refreshing native plugins compatible for Editor in 0.36 ms, found 1 plugins.
Preloading 0 native plugins for Editor in 0.00 ms.
Mono: successfully reloaded assembly
- Completed reload, in  0.670 seconds
Platform modules already initialized, skipping
Refreshing native plugins compatible for Editor in 0.37 ms, found 1 plugins.
Preloading 0 native plugins for Editor in 0.00 ms.
Unloading 1804 Unused Serialized files (Serialized files now loaded: 0)
System memory in use before: 88.9 MB.
System memory in use after: 88.9 MB.

Unloading 12 unused Assets to reduce memory usage. Loaded Objects now: 2415.
Total: 1.959400 ms (FindLiveObjects: 0.211900 ms CreateObjectMapping: 0.042400 ms MarkObjects: 1.587600 ms  DeleteObjects: 0.116900 ms)

========================================================================
Received Prepare
Registering precompiled user dll's ...
Registered in 0.000641 seconds.
Begin MonoManager ReloadAssembly
Native extension for WindowsStandalone target not found
Refreshing native plugins compatible for Editor in 0.38 ms, found 1 plugins.
Preloading 0 native plugins for Editor in 0.00 ms.
Mono: successfully reloaded assembly
- Completed reload, in  0.666 seconds
Platform modules already initialized, skipping
Refreshing native plugins compatible for Editor in 0.34 ms, found 1 plugins.
Preloading 0 native plugins for Editor in 0.00 ms.
Unloading 1804 Unused Serialized files (Serialized files now loaded: 0)
System memory in use before: 88.9 MB.
System memory in use after: 88.9 MB.

Unloading 12 unused Assets to reduce memory usage. Loaded Objects now: 2419.
Total: 1.976400 ms (FindLiveObjects: 0.212500 ms CreateObjectMapping: 0.041600 ms MarkObjects: 1.597800 ms  DeleteObjects: 0.123600 ms)

========================================================================
Received Prepare
Registering precompiled user dll's ...
Registered in 0.000618 seconds.
Begin MonoManager ReloadAssembly
Native extension for WindowsStandalone target not found
Refreshing native plugins compatible for Editor in 0.36 ms, found 1 plugins.
Preloading 0 native plugins for Editor in 0.00 ms.
Mono: successfully reloaded assembly
- Completed reload, in  0.682 seconds
Platform modules already initialized, skipping
Refreshing native plugins compatible for Editor in 0.36 ms, found 1 plugins.
Preloading 0 native plugins for Editor in 0.00 ms.
Unloading 1804 Unused Serialized files (Serialized files now loaded: 0)
System memory in use before: 88.9 MB.
System memory in use after: 88.9 MB.

Unloading 12 unused Assets to reduce memory usage. Loaded Objects now: 2423.
Total: 2.295600 ms (FindLiveObjects: 0.255500 ms CreateObjectMapping: 0.048900 ms MarkObjects: 1.875900 ms  DeleteObjects: 0.114000 ms)

========================================================================
Received Prepare
Registering precompiled user dll's ...
Registered in 0.000683 seconds.
Begin MonoManager ReloadAssembly
Native extension for WindowsStandalone target not found
Refreshing native plugins compatible for Editor in 0.37 ms, found 1 plugins.
Preloading 0 native plugins for Editor in 0.00 ms.
Mono: successfully reloaded assembly
- Completed reload, in  0.709 seconds
Platform modules already initialized, skipping
Refreshing native plugins compatible for Editor in 0.39 ms, found 1 plugins.
Preloading 0 native plugins for Editor in 0.00 ms.
Unloading 1804 Unused Serialized files (Serialized files now loaded: 0)
System memory in use before: 88.9 MB.
System memory in use after: 88.9 MB.

Unloading 12 unused Assets to reduce memory usage. Loaded Objects now: 2427.
Total: 2.122100 ms (FindLiveObjects: 0.273200 ms CreateObjectMapping: 0.041300 ms MarkObjects: 1.693800 ms  DeleteObjects: 0.112900 ms)

========================================================================
Received Prepare
Registering precompiled user dll's ...
Registered in 0.000593 seconds.
Begin MonoManager ReloadAssembly
Native extension for WindowsStandalone target not found
Refreshing native plugins compatible for Editor in 0.37 ms, found 1 plugins.
Preloading 0 native plugins for Editor in 0.00 ms.
Mono: successfully reloaded assembly
- Completed reload, in  0.645 seconds
Platform modules already initialized, skipping
Refreshing native plugins compatible for Editor in 0.29 ms, found 1 plugins.
Preloading 0 native plugins for Editor in 0.00 ms.
Unloading 1804 Unused Serialized files (Serialized files now loaded: 0)
System memory in use before: 88.9 MB.
System memory in use after: 88.9 MB.

Unloading 12 unused Assets to reduce memory usage. Loaded Objects now: 2431.
Total: 1.908900 ms (FindLiveObjects: 0.211800 ms CreateObjectMapping: 0.048000 ms MarkObjects: 1.554900 ms  DeleteObjects: 0.093300 ms)

========================================================================
Received Prepare
Registering precompiled user dll's ...
Registered in 0.000505 seconds.
Begin MonoManager ReloadAssembly
Native extension for WindowsStandalone target not found
Refreshing native plugins compatible for Editor in 0.35 ms, found 1 plugins.
Preloading 0 native plugins for Editor in 0.00 ms.
Mono: successfully reloaded assembly
- Completed reload, in  0.659 seconds
Platform modules already initialized, skipping
Refreshing native plugins compatible for Editor in 0.29 ms, found 1 plugins.
Preloading 0 native plugins for Editor in 0.00 ms.
Unloading 1804 Unused Serialized files (Serialized files now loaded: 0)
System memory in use before: 88.9 MB.
System memory in use after: 88.9 MB.

Unloading 12 unused Assets to reduce memory usage. Loaded Objects now: 2435.
Total: 2.260300 ms (FindLiveObjects: 0.228300 ms CreateObjectMapping: 0.045200 ms MarkObjects: 1.852700 ms  DeleteObjects: 0.133000 ms)

========================================================================
Received Import Request.
  Time since last request: 3677.662257 seconds.
  path: Assets/Scenes
  artifactKey: Guid(d811e5b991e3920458f262361eeeb319) Importer(815301076,1909f56bfc062723c751e8b465ee728b)
Start importing Assets/Scenes using Guid(d811e5b991e3920458f262361eeeb319) Importer(815301076,1909f56bfc062723c751e8b465ee728b)  -> (artifact id: 'fedbebb38c15ccd2585f19b76ed92831') in 0.009015 seconds
  Import took 0.026324 seconds .

AssetImportWorkerClient::OnTransportError - code=2 error=End of file
